── Attaching packages ─────────────────────────────────────── tidyverse 1.3.0 ──
✔ ggplot2 3.2.1     ✔ purrr   0.3.3
✔ tibble  2.1.3     ✔ dplyr   0.8.5
✔ tidyr   1.0.2     ✔ stringr 1.4.0
✔ readr   1.3.1     ✔ forcats 0.5.0
── Conflicts ────────────────────────────────────────── tidyverse_conflicts() ──
✖ dplyr::filter() masks stats::filter()
✖ dplyr::lag()    masks stats::lag()

Attaching package: ‘git2r’

The following object is masked from ‘package:dplyr’:

    pull

The following objects are masked from ‘package:purrr’:

    is_empty, when

Error: RStudio not running
Execution halted
Loading required package: git2r
Loading required package: esperaR
Loading required package: stringr
Loading required package: readr
23: command not found
35: command not found
Loading required package: git2r
Loading required package: esperaR
Loading required package: stringr
Loading required package: readr
Warning messages:
1: In .f(.x[[i]], ...) : No data retrieved for hospital (id): 177
2: In .f(.x[[i]], ...) : No data retrieved for hospital (id): 172
3: In .f(.x[[i]], ...) : No data retrieved for hospital (id): 148
4: In .f(.x[[i]], ...) : No data retrieved for hospital (id): 226
5: In .f(.x[[i]], ...) : No data retrieved for hospital (id): 138
6: In if (class(er_dta) == "try-error") { :
  the condition has length > 1 and only the first element will be used
